<?xml version="1.0" encoding="UTF-8"?>
<!-- Generated by org.testng.reporters.JUnitXMLReporter -->
<testsuite hostname="CARLOSJA03" ignored="0" name="Default test" tests="3" failures="0" timestamp="14 Nov 2018 20:11:00 GMT" time="34.024" errors="0">
  <testcase name="Login" time="9.047" classname="ICTRT_Automation.User_Administration"/>
  <testcase name="UserAdministration_CreateUser" time="12.393" classname="ICTRT_Automation.User_Administration"/>
  <testcase name="UserAdministration_SearchUser" time="4.12" classname="ICTRT_Automation.User_Administration"/>
</testsuite> <!-- Default test -->
