<?xml version="1.0" encoding="UTF-8"?>
<testng-results skipped="0" failed="0" ignored="0" total="1" passed="1">
  <reporter-output>
  </reporter-output>
  <suite name="Default suite" duration-ms="27836" started-at="2018-11-15T20:29:13Z" finished-at="2018-11-15T20:29:41Z">
    <groups>
    </groups>
    <test name="Default test" duration-ms="27836" started-at="2018-11-15T20:29:13Z" finished-at="2018-11-15T20:29:41Z">
      <class name="com.wsa.tests.LoginCSPTest">
        <test-method status="PASS" signature="beforeMethod()[pri:0, instance:com.wsa.tests.LoginCSPTest@39aeed2f]" name="beforeMethod" is-config="true" duration-ms="8889" started-at="2018-11-15T20:29:13Z" finished-at="2018-11-15T20:29:22Z">
          <reporter-output>
          </reporter-output>
        </test-method> <!-- beforeMethod -->
        <test-method status="PASS" signature="f()[pri:0, instance:com.wsa.tests.LoginCSPTest@39aeed2f]" name="f" duration-ms="18923" started-at="2018-11-15T20:29:22Z" finished-at="2018-11-15T20:29:41Z">
          <reporter-output>
          </reporter-output>
        </test-method> <!-- f -->
        <test-method status="PASS" signature="afterMethod()[pri:0, instance:com.wsa.tests.LoginCSPTest@39aeed2f]" name="afterMethod" is-config="true" duration-ms="1" started-at="2018-11-15T20:29:41Z" finished-at="2018-11-15T20:29:41Z">
          <reporter-output>
          </reporter-output>
        </test-method> <!-- afterMethod -->
      </class> <!-- com.wsa.tests.LoginCSPTest -->
    </test> <!-- Default test -->
  </suite> <!-- Default suite -->
</testng-results>
