<?xml version="1.0" encoding="UTF-8"?>
<testng-results skipped="0" failed="0" ignored="0" total="2" passed="2">
  <reporter-output>
  </reporter-output>
  <suite name="Suite" duration-ms="157218" started-at="2019-01-14T19:18:35Z" finished-at="2019-01-14T19:21:12Z">
    <groups>
    </groups>
    <test name="UserAdministrationRoc" duration-ms="92919" started-at="2019-01-14T19:18:35Z" finished-at="2019-01-14T19:20:08Z">
      <class name="com.wsa.tests.UserAdministrationTest">
        <test-method status="PASS" signature="automationSetup(java.lang.String, java.lang.String, java.lang.String)[pri:0, instance:com.wsa.tests.UserAdministrationTest@598067a5]" name="automationSetup" is-config="true" duration-ms="18840" started-at="2019-01-14T19:18:35Z" finished-at="2019-01-14T19:18:54Z">
          <params>
            <param index="0">
              <value>
                <![CDATA[chrome]]>
              </value>
            </param>
            <param index="1">
              <value>
                <![CDATA[http://zlt12824.vci.att.com:8500/ictrt/]]>
              </value>
            </param>
            <param index="2">
              <value>
                <![CDATA[UserAdministrationRoc]]>
              </value>
            </param>
          </params>
          <reporter-output>
          </reporter-output>
        </test-method> <!-- automationSetup -->
        <test-method status="PASS" signature="validation()[pri:0, instance:com.wsa.tests.UserAdministrationTest@598067a5]" name="validation" duration-ms="73126" started-at="2019-01-14T19:18:54Z" finished-at="2019-01-14T19:20:07Z">
          <reporter-output>
          </reporter-output>
        </test-method> <!-- validation -->
        <test-method status="PASS" signature="automationTeardown()[pri:0, instance:com.wsa.tests.UserAdministrationTest@598067a5]" name="automationTeardown" is-config="true" duration-ms="932" started-at="2019-01-14T19:20:07Z" finished-at="2019-01-14T19:20:08Z">
          <reporter-output>
          </reporter-output>
        </test-method> <!-- automationTeardown -->
      </class> <!-- com.wsa.tests.UserAdministrationTest -->
    </test> <!-- UserAdministrationRoc -->
    <test name="UserAdministrationCarrier" duration-ms="64264" started-at="2019-01-14T19:20:08Z" finished-at="2019-01-14T19:21:12Z">
      <class name="com.wsa.tests.UserAdministrationTest">
        <test-method status="PASS" signature="BeforeSuite()[pri:0, instance:com.wsa.tests.UserAdministrationTest@69ea3742]" name="BeforeSuite" is-config="true" duration-ms="229" started-at="2019-01-14T19:18:35Z" finished-at="2019-01-14T19:18:35Z">
          <reporter-output>
          </reporter-output>
        </test-method> <!-- BeforeSuite -->
        <test-method status="PASS" signature="automationSetup(java.lang.String, java.lang.String, java.lang.String)[pri:0, instance:com.wsa.tests.UserAdministrationTest@69ea3742]" name="automationSetup" is-config="true" duration-ms="17282" started-at="2019-01-14T19:20:08Z" finished-at="2019-01-14T19:20:25Z">
          <params>
            <param index="0">
              <value>
                <![CDATA[chrome]]>
              </value>
            </param>
            <param index="1">
              <value>
                <![CDATA[http://zlt12824.vci.att.com:8500/ictrt/]]>
              </value>
            </param>
            <param index="2">
              <value>
                <![CDATA[UserAdministrationCarrier]]>
              </value>
            </param>
          </params>
          <reporter-output>
          </reporter-output>
        </test-method> <!-- automationSetup -->
        <test-method status="PASS" signature="validation()[pri:0, instance:com.wsa.tests.UserAdministrationTest@69ea3742]" name="validation" duration-ms="45966" started-at="2019-01-14T19:20:25Z" finished-at="2019-01-14T19:21:11Z">
          <reporter-output>
          </reporter-output>
        </test-method> <!-- validation -->
        <test-method status="PASS" signature="automationTeardown()[pri:0, instance:com.wsa.tests.UserAdministrationTest@69ea3742]" name="automationTeardown" is-config="true" duration-ms="1012" started-at="2019-01-14T19:21:11Z" finished-at="2019-01-14T19:21:12Z">
          <reporter-output>
          </reporter-output>
        </test-method> <!-- automationTeardown -->
        <test-method status="PASS" signature="afterSuite()[pri:0, instance:com.wsa.tests.UserAdministrationTest@69ea3742]" name="afterSuite" is-config="true" duration-ms="383" started-at="2019-01-14T19:21:12Z" finished-at="2019-01-14T19:21:13Z">
          <reporter-output>
          </reporter-output>
        </test-method> <!-- afterSuite -->
      </class> <!-- com.wsa.tests.UserAdministrationTest -->
    </test> <!-- UserAdministrationCarrier -->
  </suite> <!-- Suite -->
</testng-results>
